Using pre-set license
Built from '2020.3/staging' branch; Version is '2020.3.13f1 (71691879b7f5) revision 7432472'; Using compiler version '192528614'; Build Type 'Release'
OS: 'Windows 10 Home; OS build 19043.1110; Version 2009; 64bit' Language: 'ko' Physical Memory: 32707 MB
BatchMode: 1, IsHumanControllingUs: 0, StartBugReporterOnCrash: 0, Is64bit: 1, IsPro: 0

 COMMAND LINE ARGUMENTS:
C:\Program Files\Unity\Hub\Editor\2020.3.13f1\Editor\Unity.exe
-adb2
-batchMode
-noUpm
-name
AssetImportWorker0
-projectPath
D:/Unity_LAB/Github/ZombieCity/내 프로젝트
-logFile
Logs/AssetImportWorker0.log
-srvPort
53307
Successfully changed project path to: D:/Unity_LAB/Github/ZombieCity/내 프로젝트
D:/Unity_LAB/Github/ZombieCity/내 프로젝트
Using Asset Import Pipeline V2.
Refreshing native plugins compatible for Editor in 28.02 ms, found 2 plugins.
Preloading 0 native plugins for Editor in 0.00 ms.
Initialize engine version: 2020.3.13f1 (71691879b7f5)
[Subsystems] Discovering subsystems at path C:/Program Files/Unity/Hub/Editor/2020.3.13f1/Editor/Data/Resources/UnitySubsystems
[Subsystems] Discovering subsystems at path D:/Unity_LAB/Github/ZombieCity/내 프로젝트/Assets
GfxDevice: creating device client; threaded=0
Direct3D:
    Version:  Direct3D 11.0 [level 11.1]
    Renderer: NVIDIA Quadro M2000 (ID=0x1430)
    Vendor:   
    VRAM:     4044 MB
    Driver:   27.21.14.6089
Initialize mono
Mono path[0] = 'C:/Program Files/Unity/Hub/Editor/2020.3.13f1/Editor/Data/Managed'
Mono path[1] = 'C:/Program Files/Unity/Hub/Editor/2020.3.13f1/Editor/Data/MonoBleedingEdge/lib/mono/unityjit'
Mono config path = 'C:/Program Files/Unity/Hub/Editor/2020.3.13f1/Editor/Data/MonoBleedingEdge/etc'
Using monoOptions --debugger-agent=transport=dt_socket,embedding=1,server=y,suspend=n,address=127.0.0.1:56520
Begin MonoManager ReloadAssembly
Registering precompiled unity dll's ...
Register platform support module: C:/Program Files/Unity/Hub/Editor/2020.3.13f1/Editor/Data/PlaybackEngines/WindowsStandaloneSupport/UnityEditor.WindowsStandalone.Extensions.dll
Registered in 0.004708 seconds.
Native extension for WindowsStandalone target not found
Refreshing native plugins compatible for Editor in 28.24 ms, found 2 plugins.
Preloading 0 native plugins for Editor in 0.00 ms.
Mono: successfully reloaded assembly
- Completed reload, in  3.084 seconds
Platform modules already initialized, skipping
Registering precompiled user dll's ...
Registered in 0.004995 seconds.
Begin MonoManager ReloadAssembly
Native extension for WindowsStandalone target not found
Refreshing native plugins compatible for Editor in 0.40 ms, found 2 plugins.
Preloading 0 native plugins for Editor in 0.00 ms.
Mono: successfully reloaded assembly
- Completed reload, in  1.162 seconds
Platform modules already initialized, skipping
========================================================================
Worker process is ready to serve import requests
Launched and connected shader compiler UnityShaderCompiler.exe after 0.08 seconds
Refreshing native plugins compatible for Editor in 0.26 ms, found 2 plugins.
Preloading 0 native plugins for Editor in 0.00 ms.
Unloading 1391 Unused Serialized files (Serialized files now loaded: 0)
System memory in use before: 64.7 MB.
System memory in use after: 64.8 MB.

Unloading 19 unused Assets to reduce memory usage. Loaded Objects now: 1823.
Total: 1.819200 ms (FindLiveObjects: 0.141500 ms CreateObjectMapping: 0.033900 ms MarkObjects: 1.536400 ms  DeleteObjects: 0.106400 ms)

AssetImportParameters requested are different than current active one (requested -> active):
  custom:framework-win-MediaFoundation: 216162199b28c13a410421893ffa2e32 -> 
  custom:video-decoder-ogg-theora: a1e56fd34408186e4bbccfd4996cb3dc -> 
  custom:container-muxer-webm: aa71ff27fc2769a1b78a27578f13a17b -> 
  custom:container-demuxer-webm: 4f35f7cbe854078d1ac9338744f61a02 -> 
  custom:container-demuxer-ogg: 62fdf1f143b41e24485cea50d1cbac27 -> 
  custom:video-encoder-webm-vp8: eb34c28f22e8b96e1ab97ce403110664 -> 
  custom:video-decoder-webm-vp8: 9c59270c3fd7afecdb556c50c9e8de78 -> 
  custom:audio-decoder-ogg-vorbis: bf7c407c2cedff20999df2af8eb42d56 -> 
  custom:audio-encoder-webm-vorbis: bf7c407c2cedff20999df2af8eb42d56 -> 
========================================================================
Received Import Request.
  path: Assets/Tiny_Toony_City_Demo/Prefabs/Demo_Asphalt.prefab
  artifactKey: Guid(146319125d8b08745ac3d24c55d2f45b) Importer(815301076,1909f56bfc062723c751e8b465ee728b)
Start importing Assets/Tiny_Toony_City_Demo/Prefabs/Demo_Asphalt.prefab using Guid(146319125d8b08745ac3d24c55d2f45b) Importer(815301076,1909f56bfc062723c751e8b465ee728b)  -> (artifact id: '68c9a8901801fee9a03bee9953830a34') in 0.079474 seconds 
  Import took 0.081999 seconds .

========================================================================
Received Import Request.
  Time since last request: 0.000322 seconds.
  path: Assets/Tiny_Toony_City_Demo/Prefabs/Demo_Crossing.prefab
  artifactKey: Guid(147ddedb05f63ca4ba45f3d7b4a73b5f) Importer(815301076,1909f56bfc062723c751e8b465ee728b)
Start importing Assets/Tiny_Toony_City_Demo/Prefabs/Demo_Crossing.prefab using Guid(147ddedb05f63ca4ba45f3d7b4a73b5f) Importer(815301076,1909f56bfc062723c751e8b465ee728b)  -> (artifact id: 'dc7197e8638ae013a536eef35506a43f') in 0.010339 seconds 
  Import took 0.013232 seconds .

========================================================================
Received Import Request.
  Time since last request: 0.000403 seconds.
  path: Assets/Tiny_Toony_City_Demo/Prefabs/Car_B1.prefab
  artifactKey: Guid(21784e75583bd7847b965f9b16505160) Importer(815301076,1909f56bfc062723c751e8b465ee728b)
Start importing Assets/Tiny_Toony_City_Demo/Prefabs/Car_B1.prefab using Guid(21784e75583bd7847b965f9b16505160) Importer(815301076,1909f56bfc062723c751e8b465ee728b)  -> (artifact id: 'cdbf97073d6587816b41525372c4d53a') in 0.081116 seconds 
  Import took 0.083654 seconds .

========================================================================
Received Import Request.
  Time since last request: 0.000270 seconds.
  path: Assets/Tiny_Toony_City_Demo/Prefabs/Demo_Block.prefab
  artifactKey: Guid(797a2dbaceea962469b9774c7ed4d4af) Importer(815301076,1909f56bfc062723c751e8b465ee728b)
Start importing Assets/Tiny_Toony_City_Demo/Prefabs/Demo_Block.prefab using Guid(797a2dbaceea962469b9774c7ed4d4af) Importer(815301076,1909f56bfc062723c751e8b465ee728b)  -> (artifact id: '71d432f6fed81e66ec178900b5763e36') in 0.032125 seconds 
  Import took 0.034682 seconds .

========================================================================
Received Import Request.
  Time since last request: 0.000435 seconds.
  path: Assets/Tiny_Toony_City_Demo
  artifactKey: Guid(8b7e87f12ad57f84d80920eac45da10c) Importer(815301076,1909f56bfc062723c751e8b465ee728b)
Start importing Assets/Tiny_Toony_City_Demo using Guid(8b7e87f12ad57f84d80920eac45da10c) Importer(815301076,1909f56bfc062723c751e8b465ee728b)  -> (artifact id: 'e2a38d03f33090e3e73ce167b5e212a4') in 0.008518 seconds 
  Import took 0.011220 seconds .

========================================================================
Received Import Request.
  Time since last request: 0.000352 seconds.
  path: Assets/Tiny_Toony_City_Demo/Prefabs
  artifactKey: Guid(c59cb1d5a288e104aa8324fef03a63e3) Importer(815301076,1909f56bfc062723c751e8b465ee728b)
Start importing Assets/Tiny_Toony_City_Demo/Prefabs using Guid(c59cb1d5a288e104aa8324fef03a63e3) Importer(815301076,1909f56bfc062723c751e8b465ee728b)  -> (artifact id: 'c03c5a4ca0982ea97d7b249ac2ef9e5c') in 0.008680 seconds 
  Import took 0.011674 seconds .

========================================================================
Received Import Request.
  Time since last request: 0.753882 seconds.
  path: Assets/Tiny_Toony_City_Demo/Scenes
  artifactKey: Guid(0c68cf5d30aead6459becca5b3602a67) Importer(815301076,1909f56bfc062723c751e8b465ee728b)
Start importing Assets/Tiny_Toony_City_Demo/Scenes using Guid(0c68cf5d30aead6459becca5b3602a67) Importer(815301076,1909f56bfc062723c751e8b465ee728b)  -> (artifact id: '4197ea791422b4c13cda04805291be95') in 0.008333 seconds 
  Import took 0.010697 seconds .

========================================================================
Received Import Request.
  Time since last request: 0.949877 seconds.
  path: Assets/Tiny_Toony_City_Demo/Scenes/Demo_Scene.unity
  artifactKey: Guid(b32f9224a7f8a6f4eb5a631e4ece1fa9) Importer(815301076,1909f56bfc062723c751e8b465ee728b)
Start importing Assets/Tiny_Toony_City_Demo/Scenes/Demo_Scene.unity using Guid(b32f9224a7f8a6f4eb5a631e4ece1fa9) Importer(815301076,1909f56bfc062723c751e8b465ee728b)  -> (artifact id: '1c6d224fa3ce9def23d8066db37c578f') in 0.009066 seconds 
  Import took 0.011876 seconds .

========================================================================
Received Import Request.
  Time since last request: 2.024578 seconds.
  path: Assets/Tiny_Toony_City_Demo/Meshes
  artifactKey: Guid(a264569f2061c7b4c80b78073bd0af68) Importer(815301076,1909f56bfc062723c751e8b465ee728b)
Start importing Assets/Tiny_Toony_City_Demo/Meshes using Guid(a264569f2061c7b4c80b78073bd0af68) Importer(815301076,1909f56bfc062723c751e8b465ee728b)  -> (artifact id: '944f8c43c2e8257135573789562de6ed') in 0.009267 seconds 
  Import took 0.011613 seconds .

========================================================================
Received Import Request.
  Time since last request: 0.044864 seconds.
  path: Assets/Tiny_Toony_City_Demo/Meshes/Car_B1.fbx
  artifactKey: Guid(f92ee84dce639884882c4ffddd3b28c6) Importer(815301076,1909f56bfc062723c751e8b465ee728b)
Start importing Assets/Tiny_Toony_City_Demo/Meshes/Car_B1.fbx using Guid(f92ee84dce639884882c4ffddd3b28c6) Importer(815301076,1909f56bfc062723c751e8b465ee728b)  -> (artifact id: 'a58ed7d0de28307bf9317bd2119d913c') in 0.136303 seconds 
  Import took 0.138922 seconds .

========================================================================
Received Import Request.
  Time since last request: 0.000265 seconds.
  path: Assets/Tiny_Toony_City_Demo/Meshes/Demo_Crossing.fbx
  artifactKey: Guid(f98d0f97a920741499853e1e86a88ced) Importer(815301076,1909f56bfc062723c751e8b465ee728b)
Start importing Assets/Tiny_Toony_City_Demo/Meshes/Demo_Crossing.fbx using Guid(f98d0f97a920741499853e1e86a88ced) Importer(815301076,1909f56bfc062723c751e8b465ee728b)  -> (artifact id: '07a9e67068c242a6641f2a5fbafd7ebe') in 0.026113 seconds 
  Import took 0.040152 seconds .

========================================================================
Received Import Request.
  Time since last request: 0.000264 seconds.
  path: Assets/Tiny_Toony_City_Demo/Meshes/Demo_Block.fbx
  artifactKey: Guid(3c7d5dece75cf9845ad850601668e7d8) Importer(815301076,1909f56bfc062723c751e8b465ee728b)
Start importing Assets/Tiny_Toony_City_Demo/Meshes/Demo_Block.fbx using Guid(3c7d5dece75cf9845ad850601668e7d8) Importer(815301076,1909f56bfc062723c751e8b465ee728b)  -> (artifact id: '03206521b03562553d62062849c166c6') in 0.144988 seconds 
  Import took 0.147303 seconds .

========================================================================
Received Import Request.
  Time since last request: 0.000265 seconds.
  path: Assets/Tiny_Toony_City_Demo/Meshes/Demo_Asphalt.fbx
  artifactKey: Guid(bdd8b59fd28ade14d951aeeb4c9644d0) Importer(815301076,1909f56bfc062723c751e8b465ee728b)
Start importing Assets/Tiny_Toony_City_Demo/Meshes/Demo_Asphalt.fbx using Guid(bdd8b59fd28ade14d951aeeb4c9644d0) Importer(815301076,1909f56bfc062723c751e8b465ee728b)  -> (artifact id: 'c6d860ee58392c8fe1f5878e12c6fb44') in 0.029491 seconds 
  Import took 0.032705 seconds .

========================================================================
Received Import Request.
  Time since last request: 0.000955 seconds.
  path: Assets/Tiny_Toony_City_Demo/Meshes/Demo_Asphalt.fbx
  artifactKey: Guid(bdd8b59fd28ade14d951aeeb4c9644d0) Importer(815301076,1909f56bfc062723c751e8b465ee728b)
Start importing Assets/Tiny_Toony_City_Demo/Meshes/Demo_Asphalt.fbx using Guid(bdd8b59fd28ade14d951aeeb4c9644d0) Importer(815301076,1909f56bfc062723c751e8b465ee728b)  -> (artifact id: 'c6d860ee58392c8fe1f5878e12c6fb44') in 0.023615 seconds 
  Import took 0.027302 seconds .

========================================================================
Received Import Request.
  Time since last request: 1.617525 seconds.
  path: Assets/Tiny_Toony_City_Demo/PolygonBlacksmith
  artifactKey: Guid(09b5e4f4daedca14f877c6185cdc54ee) Importer(815301076,1909f56bfc062723c751e8b465ee728b)
Start importing Assets/Tiny_Toony_City_Demo/PolygonBlacksmith using Guid(09b5e4f4daedca14f877c6185cdc54ee) Importer(815301076,1909f56bfc062723c751e8b465ee728b)  -> (artifact id: 'ab35e82d37ab921e2afa8a91663a258c') in 0.007955 seconds 
  Import took 0.010389 seconds .

========================================================================
Received Import Request.
  Time since last request: 2.847755 seconds.
  path: Assets/Tiny_Toony_City_Demo/PolygonBlacksmith/TT_Citizens_demo
  artifactKey: Guid(0e2f43d9df0f0294eaafc49be4ebda3a) Importer(815301076,1909f56bfc062723c751e8b465ee728b)
Start importing Assets/Tiny_Toony_City_Demo/PolygonBlacksmith/TT_Citizens_demo using Guid(0e2f43d9df0f0294eaafc49be4ebda3a) Importer(815301076,1909f56bfc062723c751e8b465ee728b)  -> (artifact id: 'a9cde487a576df8363eed321a4ef0c23') in 0.008319 seconds 
  Import took 0.010621 seconds .

========================================================================
Received Import Request.
  Time since last request: 0.623191 seconds.
  path: Assets/Tiny_Toony_City_Demo/PolygonBlacksmith/TT_Citizens_demo/animation
  artifactKey: Guid(39cc99f2e4d4f4f4c9f93871300befa3) Importer(815301076,1909f56bfc062723c751e8b465ee728b)
Start importing Assets/Tiny_Toony_City_Demo/PolygonBlacksmith/TT_Citizens_demo/animation using Guid(39cc99f2e4d4f4f4c9f93871300befa3) Importer(815301076,1909f56bfc062723c751e8b465ee728b)  -> (artifact id: '566c563884cb7580db9771f42fd1d3c2') in 0.007602 seconds 
  Import took 0.009909 seconds .

========================================================================
Received Import Request.
  Time since last request: 0.510124 seconds.
  path: Assets/Tiny_Toony_City_Demo/PolygonBlacksmith/TT_Citizens_demo/models
  artifactKey: Guid(e20ae92911ce1af44a7a173c1295f6bd) Importer(815301076,1909f56bfc062723c751e8b465ee728b)
Start importing Assets/Tiny_Toony_City_Demo/PolygonBlacksmith/TT_Citizens_demo/models using Guid(e20ae92911ce1af44a7a173c1295f6bd) Importer(815301076,1909f56bfc062723c751e8b465ee728b)  -> (artifact id: '59fc4671f94ddd88312b8b44db2e95c8') in 0.007955 seconds 
  Import took 0.010407 seconds .

========================================================================
Received Import Request.
  Time since last request: 0.043010 seconds.
  path: Assets/Tiny_Toony_City_Demo/PolygonBlacksmith/TT_Citizens_demo/models/TT_demo_female.FBX
  artifactKey: Guid(8f2819ec541c5ea458231eafa3b5f1ae) Importer(815301076,1909f56bfc062723c751e8b465ee728b)
Start importing Assets/Tiny_Toony_City_Demo/PolygonBlacksmith/TT_Citizens_demo/models/TT_demo_female.FBX using Guid(8f2819ec541c5ea458231eafa3b5f1ae) Importer(815301076,1909f56bfc062723c751e8b465ee728b)  -> (artifact id: '3760e728b76c1c9d34afa04e1ae76a30') in 0.189279 seconds 
  Import took 0.192545 seconds .

========================================================================
Received Import Request.
  Time since last request: 0.000328 seconds.
  path: Assets/Tiny_Toony_City_Demo/PolygonBlacksmith/TT_Citizens_demo/models/TT_demo_male_A.FBX
  artifactKey: Guid(16044bf911e3e664d81c3be8863c77e8) Importer(815301076,1909f56bfc062723c751e8b465ee728b)
Start importing Assets/Tiny_Toony_City_Demo/PolygonBlacksmith/TT_Citizens_demo/models/TT_demo_male_A.FBX using Guid(16044bf911e3e664d81c3be8863c77e8) Importer(815301076,1909f56bfc062723c751e8b465ee728b)  -> (artifact id: 'd519568b8639498eeb6440ff98f4a97e') in 0.053997 seconds 
  Import took 0.056604 seconds .

========================================================================
Received Import Request.
  Time since last request: 0.000313 seconds.
  path: Assets/Tiny_Toony_City_Demo/PolygonBlacksmith/TT_Citizens_demo/models/TT_demo_male_B.FBX
  artifactKey: Guid(8fa2a9d0520e5304190570b9b32fff5a) Importer(815301076,1909f56bfc062723c751e8b465ee728b)
Start importing Assets/Tiny_Toony_City_Demo/PolygonBlacksmith/TT_Citizens_demo/models/TT_demo_male_B.FBX using Guid(8fa2a9d0520e5304190570b9b32fff5a) Importer(815301076,1909f56bfc062723c751e8b465ee728b)  -> (artifact id: '1e24d706547c65a12bcadcfa6ebdc49d') in 0.045338 seconds 
  Import took 0.047941 seconds .

========================================================================
Received Import Request.
  Time since last request: 0.000343 seconds.
  path: Assets/Tiny_Toony_City_Demo/PolygonBlacksmith/TT_Citizens_demo/models/TT_demo_police.FBX
  artifactKey: Guid(d5480912f7a1d7a4294a1ce13a774f7d) Importer(815301076,1909f56bfc062723c751e8b465ee728b)
Start importing Assets/Tiny_Toony_City_Demo/PolygonBlacksmith/TT_Citizens_demo/models/TT_demo_police.FBX using Guid(d5480912f7a1d7a4294a1ce13a774f7d) Importer(815301076,1909f56bfc062723c751e8b465ee728b)  -> (artifact id: '8dc1442245f7878b7c8001d9051479c1') in 0.047608 seconds 
  Import took 0.050144 seconds .

========================================================================
Received Import Request.
  Time since last request: 1.959888 seconds.
  path: Assets/Tiny_Toony_City_Demo/PolygonBlacksmith/TT_Citizens_demo/prefabs
  artifactKey: Guid(cbe865f6872ee3547a3994c71343fd8b) Importer(815301076,1909f56bfc062723c751e8b465ee728b)
Start importing Assets/Tiny_Toony_City_Demo/PolygonBlacksmith/TT_Citizens_demo/prefabs using Guid(cbe865f6872ee3547a3994c71343fd8b) Importer(815301076,1909f56bfc062723c751e8b465ee728b)  -> (artifact id: 'b2d3877fbb8e14c28b91966424b82d9d') in 0.008546 seconds 
  Import took 0.010974 seconds .

========================================================================
Received Import Request.
  Time since last request: 0.046698 seconds.
  path: Assets/Tiny_Toony_City_Demo/PolygonBlacksmith/TT_Citizens_demo/prefabs/TT_demo_female.prefab
  artifactKey: Guid(0d1fa830926389c4f8b56dcf60867e04) Importer(815301076,1909f56bfc062723c751e8b465ee728b)
Start importing Assets/Tiny_Toony_City_Demo/PolygonBlacksmith/TT_Citizens_demo/prefabs/TT_demo_female.prefab using Guid(0d1fa830926389c4f8b56dcf60867e04) Importer(815301076,1909f56bfc062723c751e8b465ee728b)  -> (artifact id: '2e6a01994af1e1e30004052e134705fb') in 0.016284 seconds 
  Import took 0.018921 seconds .

========================================================================
Received Import Request.
  Time since last request: 0.000308 seconds.
  path: Assets/Tiny_Toony_City_Demo/PolygonBlacksmith/TT_Citizens_demo/prefabs/TT_demo_male_B.prefab
  artifactKey: Guid(3e5aeedf4ebdb8e4bbee2c65e9c4f0f1) Importer(815301076,1909f56bfc062723c751e8b465ee728b)
Start importing Assets/Tiny_Toony_City_Demo/PolygonBlacksmith/TT_Citizens_demo/prefabs/TT_demo_male_B.prefab using Guid(3e5aeedf4ebdb8e4bbee2c65e9c4f0f1) Importer(815301076,1909f56bfc062723c751e8b465ee728b)  -> (artifact id: '322e0b74a9e4828aec5a231914607586') in 0.016699 seconds 
  Import took 0.037931 seconds .

========================================================================
Received Import Request.
  Time since last request: 0.000324 seconds.
  path: Assets/Tiny_Toony_City_Demo/PolygonBlacksmith/TT_Citizens_demo/prefabs/TT_demo_male_A.prefab
  artifactKey: Guid(ddc9c5832645fb04f82054c5f3f7db8e) Importer(815301076,1909f56bfc062723c751e8b465ee728b)
Start importing Assets/Tiny_Toony_City_Demo/PolygonBlacksmith/TT_Citizens_demo/prefabs/TT_demo_male_A.prefab using Guid(ddc9c5832645fb04f82054c5f3f7db8e) Importer(815301076,1909f56bfc062723c751e8b465ee728b)  -> (artifact id: '7de000bca57fe6ed2d06c8ffe1e50101') in 0.016872 seconds 
  Import took 0.019814 seconds .

========================================================================
Received Import Request.
  Time since last request: 0.000308 seconds.
  path: Assets/Tiny_Toony_City_Demo/PolygonBlacksmith/TT_Citizens_demo/prefabs/TT_demo_police.prefab
  artifactKey: Guid(db3c50e77180ff3498c94dbf7de00bcc) Importer(815301076,1909f56bfc062723c751e8b465ee728b)
Start importing Assets/Tiny_Toony_City_Demo/PolygonBlacksmith/TT_Citizens_demo/prefabs/TT_demo_police.prefab using Guid(db3c50e77180ff3498c94dbf7de00bcc) Importer(815301076,1909f56bfc062723c751e8b465ee728b)  -> (artifact id: 'f496ee63945aba670bc8640f3cc44fdc') in 0.017481 seconds 
  Import took 0.020441 seconds .

========================================================================
Received Import Request.
  Time since last request: 53.006560 seconds.
  path: Assets/ToonyTinyPeople/TT_demo/models/TT_demo_female.FBX
  artifactKey: Guid(3cefbbfe8c81fbb4283daa116169ef21) Importer(815301076,1909f56bfc062723c751e8b465ee728b)
Start importing Assets/ToonyTinyPeople/TT_demo/models/TT_demo_female.FBX using Guid(3cefbbfe8c81fbb4283daa116169ef21) Importer(815301076,1909f56bfc062723c751e8b465ee728b)  -> (artifact id: '53e8a27e1ebb4fee222d56b38d469ad9') in 0.035881 seconds 
  Import took 0.038599 seconds .

========================================================================
Received Import Request.
  Time since last request: 0.000335 seconds.
  path: Assets/ToonyTinyPeople/TT_demo/models/TT_demo_male_A.FBX
  artifactKey: Guid(eb062aa776e44954d94c4c2f76ebc148) Importer(815301076,1909f56bfc062723c751e8b465ee728b)
Start importing Assets/ToonyTinyPeople/TT_demo/models/TT_demo_male_A.FBX using Guid(eb062aa776e44954d94c4c2f76ebc148) Importer(815301076,1909f56bfc062723c751e8b465ee728b)  -> (artifact id: '961af20706bc756bd05529dc76b238ad') in 0.035027 seconds 
  Import took 0.037335 seconds .

========================================================================
Received Import Request.
  Time since last request: 0.000310 seconds.
  path: Assets/ToonyTinyPeople/TT_demo/models/TT_demo_zombie.FBX
  artifactKey: Guid(f88c8301226fd194cbbc64e25b20d567) Importer(815301076,1909f56bfc062723c751e8b465ee728b)
Start importing Assets/ToonyTinyPeople/TT_demo/models/TT_demo_zombie.FBX using Guid(f88c8301226fd194cbbc64e25b20d567) Importer(815301076,1909f56bfc062723c751e8b465ee728b)  -> (artifact id: 'cdfabde8922485df2986830fabf3f928') in 0.035668 seconds 
  Import took 0.038074 seconds .

========================================================================
Received Import Request.
  Time since last request: 0.000320 seconds.
  path: Assets/ToonyTinyPeople/TT_demo/models/TT_demo_male_B.FBX
  artifactKey: Guid(fbbb7e0ccd296444f8f4cb972237bf3a) Importer(815301076,1909f56bfc062723c751e8b465ee728b)
Start importing Assets/ToonyTinyPeople/TT_demo/models/TT_demo_male_B.FBX using Guid(fbbb7e0ccd296444f8f4cb972237bf3a) Importer(815301076,1909f56bfc062723c751e8b465ee728b)  -> (artifact id: 'd537bedf116add424cd4aca8e7faba98') in 0.041847 seconds 
  Import took 0.044512 seconds .

========================================================================
Received Import Request.
  Time since last request: 0.000250 seconds.
  path: Assets/ToonyTinyPeople/TT_demo/models/TT_demo_police.FBX
  artifactKey: Guid(fdfb5e1c4a1b339489c0eddebb1ab872) Importer(815301076,1909f56bfc062723c751e8b465ee728b)
Start importing Assets/ToonyTinyPeople/TT_demo/models/TT_demo_police.FBX using Guid(fdfb5e1c4a1b339489c0eddebb1ab872) Importer(815301076,1909f56bfc062723c751e8b465ee728b)  -> (artifact id: '8202a13691eff21833ee54f098d88ca7') in 0.035688 seconds 
  Import took 0.038777 seconds .

========================================================================
Received Import Request.
  Time since last request: 13.133943 seconds.
  path: Assets/ToonyTinyPeople/TT_demo/models/Materials
  artifactKey: Guid(61fb954842fc25f41a352bc136c69fdb) Importer(815301076,1909f56bfc062723c751e8b465ee728b)
Start importing Assets/ToonyTinyPeople/TT_demo/models/Materials using Guid(61fb954842fc25f41a352bc136c69fdb) Importer(815301076,1909f56bfc062723c751e8b465ee728b)  -> (artifact id: '322d4d8e7f0980014487f4b7e42415c2') in 0.008207 seconds 
  Import took 0.010611 seconds .

========================================================================
Received Import Request.
  Time since last request: 0.064937 seconds.
  path: Assets/ToonyTinyPeople/TT_demo/models/Materials/TT_demo.mat
  artifactKey: Guid(8fd192304df88db499eedb3456dc6d67) Importer(815301076,1909f56bfc062723c751e8b465ee728b)
Start importing Assets/ToonyTinyPeople/TT_demo/models/Materials/TT_demo.mat using Guid(8fd192304df88db499eedb3456dc6d67) Importer(815301076,1909f56bfc062723c751e8b465ee728b)  -> (artifact id: 'a23935dd97609b55c4b10874347d7452') in 0.058223 seconds 
  Import took 0.060994 seconds .

========================================================================
Received Import Request.
  Time since last request: 0.000304 seconds.
  path: Assets/ToonyTinyPeople/TT_demo/models/Materials/TT_demo_texture.tga
  artifactKey: Guid(7a97bf571a8477f449be264c891871e1) Importer(815301076,1909f56bfc062723c751e8b465ee728b)
Start importing Assets/ToonyTinyPeople/TT_demo/models/Materials/TT_demo_texture.tga using Guid(7a97bf571a8477f449be264c891871e1) Importer(815301076,1909f56bfc062723c751e8b465ee728b)  -> (artifact id: '50898c8e84709fc4873e48a21a57b3e9') in 0.028087 seconds 
  Import took 0.030481 seconds .

========================================================================
Received Import Request.
  Time since last request: 1.418734 seconds.
  path: Assets/ToonyTinyPeople/TT_demo/ToonyTiny_Citizens_Megapack.tga
  artifactKey: Guid(44aec3aaa337c294c9265a35fa489440) Importer(815301076,1909f56bfc062723c751e8b465ee728b)
Start importing Assets/ToonyTinyPeople/TT_demo/ToonyTiny_Citizens_Megapack.tga using Guid(44aec3aaa337c294c9265a35fa489440) Importer(815301076,1909f56bfc062723c751e8b465ee728b)  -> (artifact id: 'eac9814480b1e402c0cbf96e7f5ac9dd') in 0.013588 seconds 
  Import took 0.016179 seconds .

========================================================================
Received Import Request.
  Time since last request: 0.000293 seconds.
  path: Assets/ToonyTinyPeople/TT_demo/ToonyTiny_City_Pack.tga
  artifactKey: Guid(d8467266b321e0342acb2a5b24a06fe8) Importer(815301076,1909f56bfc062723c751e8b465ee728b)
Start importing Assets/ToonyTinyPeople/TT_demo/ToonyTiny_City_Pack.tga using Guid(d8467266b321e0342acb2a5b24a06fe8) Importer(815301076,1909f56bfc062723c751e8b465ee728b)  -> (artifact id: 'a36aadb22839b49e3cb10fee3afbfe9e') in 0.013445 seconds 
  Import took 0.015834 seconds .

========================================================================
Received Import Request.
  Time since last request: 0.000338 seconds.
  path: Assets/ToonyTinyPeople/TT_demo/ToonyTiny_Zombies_Pack.tga
  artifactKey: Guid(a8ce17bada18e924aa21047ff4b1beaa) Importer(815301076,1909f56bfc062723c751e8b465ee728b)
Start importing Assets/ToonyTinyPeople/TT_demo/ToonyTiny_Zombies_Pack.tga using Guid(a8ce17bada18e924aa21047ff4b1beaa) Importer(815301076,1909f56bfc062723c751e8b465ee728b)  -> (artifact id: '0f5cde699a308f457461cbfff07e4b17') in 0.012156 seconds 
  Import took 0.014986 seconds .

========================================================================
Received Import Request.
  Time since last request: 12.120086 seconds.
  path: Assets/ToonyTinyPeople/TT_demo/prefabs/TT_demo_female.prefab
  artifactKey: Guid(2db03e7c8a8135146b280e5da7e0289c) Importer(815301076,1909f56bfc062723c751e8b465ee728b)
Start importing Assets/ToonyTinyPeople/TT_demo/prefabs/TT_demo_female.prefab using Guid(2db03e7c8a8135146b280e5da7e0289c) Importer(815301076,1909f56bfc062723c751e8b465ee728b)  -> (artifact id: 'a16ca44bc439fff908a159238b1d189c') in 0.016746 seconds 
  Import took 0.019591 seconds .

========================================================================
Received Import Request.
  Time since last request: 0.000348 seconds.
  path: Assets/ToonyTinyPeople/TT_demo/prefabs/TT_demo_male_B.prefab
  artifactKey: Guid(907fd825e3988774caab4234b943bf44) Importer(815301076,1909f56bfc062723c751e8b465ee728b)
Start importing Assets/ToonyTinyPeople/TT_demo/prefabs/TT_demo_male_B.prefab using Guid(907fd825e3988774caab4234b943bf44) Importer(815301076,1909f56bfc062723c751e8b465ee728b)  -> (artifact id: 'a5a42b3d4b5e92db1a2597e115de83c1') in 0.014558 seconds 
  Import took 0.017064 seconds .

========================================================================
Received Import Request.
  Time since last request: 0.000339 seconds.
  path: Assets/ToonyTinyPeople/TT_demo/prefabs/TT_demo_zombie.prefab
  artifactKey: Guid(b14953694d54eea4eb66f453e525024c) Importer(815301076,1909f56bfc062723c751e8b465ee728b)
Start importing Assets/ToonyTinyPeople/TT_demo/prefabs/TT_demo_zombie.prefab using Guid(b14953694d54eea4eb66f453e525024c) Importer(815301076,1909f56bfc062723c751e8b465ee728b)  -> (artifact id: 'ae9fec9aac49d3967adf17293348b400') in 0.014552 seconds 
  Import took 0.017007 seconds .

========================================================================
Received Import Request.
  Time since last request: 0.000335 seconds.
  path: Assets/ToonyTinyPeople/TT_demo/prefabs/TT_demo_police.prefab
  artifactKey: Guid(47a3741b253f088469eedd6d403dd89a) Importer(815301076,1909f56bfc062723c751e8b465ee728b)
Start importing Assets/ToonyTinyPeople/TT_demo/prefabs/TT_demo_police.prefab using Guid(47a3741b253f088469eedd6d403dd89a) Importer(815301076,1909f56bfc062723c751e8b465ee728b)  -> (artifact id: '2fa0a5ad846b0684a476a4ddfa265f6f') in 0.015732 seconds 
  Import took 0.018678 seconds .

========================================================================
Received Import Request.
  Time since last request: 0.001026 seconds.
  path: Assets/ToonyTinyPeople/TT_demo/prefabs/TT_demo_male_A.prefab
  artifactKey: Guid(6fb37f825ee63264b9c2600bf1a52006) Importer(815301076,1909f56bfc062723c751e8b465ee728b)
Start importing Assets/ToonyTinyPeople/TT_demo/prefabs/TT_demo_male_A.prefab using Guid(6fb37f825ee63264b9c2600bf1a52006) Importer(815301076,1909f56bfc062723c751e8b465ee728b)  -> (artifact id: 'c4093dbc62b2d96dff588bf9d4037955') in 0.015406 seconds 
  Import took 0.017937 seconds .

========================================================================
Received Import Request.
  Time since last request: 0.987278 seconds.
  path: Assets/ToonyTinyPeople/TT_demo/sample_scene/ground.mat
  artifactKey: Guid(434413e1195066545a96066e385c44e8) Importer(815301076,1909f56bfc062723c751e8b465ee728b)
Start importing Assets/ToonyTinyPeople/TT_demo/sample_scene/ground.mat using Guid(434413e1195066545a96066e385c44e8) Importer(815301076,1909f56bfc062723c751e8b465ee728b)  -> (artifact id: '33c8b73331370bbf4b774172c6234d54') in 0.017360 seconds 
  Import took 0.020637 seconds .

========================================================================
Received Import Request.
  Time since last request: 0.000398 seconds.
  path: Assets/ToonyTinyPeople/TT_demo/sample_scene/quad.tga
  artifactKey: Guid(5781fa2bdcc6cfc4aa608dc751feff4d) Importer(815301076,1909f56bfc062723c751e8b465ee728b)
Start importing Assets/ToonyTinyPeople/TT_demo/sample_scene/quad.tga using Guid(5781fa2bdcc6cfc4aa608dc751feff4d) Importer(815301076,1909f56bfc062723c751e8b465ee728b)  -> (artifact id: 'c8cfc3ca20624c9ea9ff12517ef758c4') in 0.013613 seconds 
  Import took 0.016016 seconds .

========================================================================
Received Import Request.
  Time since last request: 4.062494 seconds.
  path: Assets/ToonyTinyPeople/TT_demo/animation/male
  artifactKey: Guid(d37ce0bd81e182446a5317ee1c4a623d) Importer(815301076,1909f56bfc062723c751e8b465ee728b)
Start importing Assets/ToonyTinyPeople/TT_demo/animation/male using Guid(d37ce0bd81e182446a5317ee1c4a623d) Importer(815301076,1909f56bfc062723c751e8b465ee728b)  -> (artifact id: 'd80c4051d91ddbdbe80d3b6dde4e6e94') in 0.008439 seconds 
  Import took 0.010847 seconds .

========================================================================
Received Import Request.
  Time since last request: 0.048649 seconds.
  path: Assets/ToonyTinyPeople/TT_demo/animation/male/m_death_A.FBX
  artifactKey: Guid(874bb4a08f83e31499d47d1f599abebd) Importer(815301076,1909f56bfc062723c751e8b465ee728b)
Start importing Assets/ToonyTinyPeople/TT_demo/animation/male/m_death_A.FBX using Guid(874bb4a08f83e31499d47d1f599abebd) Importer(815301076,1909f56bfc062723c751e8b465ee728b)  -> (artifact id: 'b734214d743277d3450ad188108fb9f7') in 0.011781 seconds 
  Import took 0.014412 seconds .

========================================================================
Received Import Request.
  Time since last request: 0.000264 seconds.
  path: Assets/ToonyTinyPeople/TT_demo/animation/male/m_melee_combat_attack_A.FBX
  artifactKey: Guid(5beb6fa42173b3346911af16b235ffc7) Importer(815301076,1909f56bfc062723c751e8b465ee728b)
Start importing Assets/ToonyTinyPeople/TT_demo/animation/male/m_melee_combat_attack_A.FBX using Guid(5beb6fa42173b3346911af16b235ffc7) Importer(815301076,1909f56bfc062723c751e8b465ee728b)  -> (artifact id: '67fbb8af526f3b065feaec73d37888a8') in 0.010293 seconds 
  Import took 0.031585 seconds .

========================================================================
Received Import Request.
  Time since last request: 0.000238 seconds.
  path: Assets/ToonyTinyPeople/TT_demo/animation/male/m_run_rm.FBX
  artifactKey: Guid(c475e075b3ae37b4f883dc78ecbf1ef0) Importer(815301076,1909f56bfc062723c751e8b465ee728b)
Start importing Assets/ToonyTinyPeople/TT_demo/animation/male/m_run_rm.FBX using Guid(c475e075b3ae37b4f883dc78ecbf1ef0) Importer(815301076,1909f56bfc062723c751e8b465ee728b)  -> (artifact id: 'ba24a07255efa3eb33dba011bd8edb68') in 0.010148 seconds 
  Import took 0.012813 seconds .

========================================================================
Received Import Request.
  Time since last request: 0.000470 seconds.
  path: Assets/ToonyTinyPeople/TT_demo/animation/male/m_pistol_idle_A.FBX
  artifactKey: Guid(fa42887335d725043833d746d15bad21) Importer(815301076,1909f56bfc062723c751e8b465ee728b)
Start importing Assets/ToonyTinyPeople/TT_demo/animation/male/m_pistol_idle_A.FBX using Guid(fa42887335d725043833d746d15bad21) Importer(815301076,1909f56bfc062723c751e8b465ee728b)  -> (artifact id: '621cf72a99d12c8d093f4974a785731b') in 0.010891 seconds 
  Import took 0.013489 seconds .

========================================================================
Received Import Request.
  Time since last request: 0.000317 seconds.
  path: Assets/ToonyTinyPeople/TT_demo/animation/male/m_melee_combat_idle.FBX
  artifactKey: Guid(c336b36f7aa9f7948bc0bd53e110a999) Importer(815301076,1909f56bfc062723c751e8b465ee728b)
Start importing Assets/ToonyTinyPeople/TT_demo/animation/male/m_melee_combat_idle.FBX using Guid(c336b36f7aa9f7948bc0bd53e110a999) Importer(815301076,1909f56bfc062723c751e8b465ee728b)  -> (artifact id: 'eefeb54479214383ad8e1a1930a52b21') in 0.010597 seconds 
  Import took 0.013014 seconds .

========================================================================
Received Import Request.
  Time since last request: 0.000285 seconds.
  path: Assets/ToonyTinyPeople/TT_demo/animation/male/m_pistol_shoot.FBX
  artifactKey: Guid(9e3f937932b2a5649995a592185d9380) Importer(815301076,1909f56bfc062723c751e8b465ee728b)
Start importing Assets/ToonyTinyPeople/TT_demo/animation/male/m_pistol_shoot.FBX using Guid(9e3f937932b2a5649995a592185d9380) Importer(815301076,1909f56bfc062723c751e8b465ee728b)  -> (artifact id: '8367304c98755232be4af2c03f7d50ac') in 0.010853 seconds 
  Import took 0.013432 seconds .

========================================================================
Received Import Request.
  Time since last request: 0.000326 seconds.
  path: Assets/ToonyTinyPeople/TT_demo/animation/male/m_melee_combat_run.FBX
  artifactKey: Guid(7afbe6873857cd64782ec781742471e0) Importer(815301076,1909f56bfc062723c751e8b465ee728b)
Start importing Assets/ToonyTinyPeople/TT_demo/animation/male/m_melee_combat_run.FBX using Guid(7afbe6873857cd64782ec781742471e0) Importer(815301076,1909f56bfc062723c751e8b465ee728b)  -> (artifact id: '9c75062938372204ff79610dfefa2a48') in 0.010297 seconds 
  Import took 0.012710 seconds .

========================================================================
Received Import Request.
  Time since last request: 0.000264 seconds.
  path: Assets/ToonyTinyPeople/TT_demo/animation/male/m_run.FBX
  artifactKey: Guid(4565b88a84c4f7048b05a8ff423427fd) Importer(815301076,1909f56bfc062723c751e8b465ee728b)
Start importing Assets/ToonyTinyPeople/TT_demo/animation/male/m_run.FBX using Guid(4565b88a84c4f7048b05a8ff423427fd) Importer(815301076,1909f56bfc062723c751e8b465ee728b)  -> (artifact id: '8f54815df6dbc2a8c303fa202ffb46c3') in 0.011236 seconds 
  Import took 0.013502 seconds .

========================================================================
Received Import Request.
  Time since last request: 0.000315 seconds.
  path: Assets/ToonyTinyPeople/TT_demo/animation/male/m_pistol_run.FBX
  artifactKey: Guid(e4a2580082d5c394287cd697523e0fe6) Importer(815301076,1909f56bfc062723c751e8b465ee728b)
Start importing Assets/ToonyTinyPeople/TT_demo/animation/male/m_pistol_run.FBX using Guid(e4a2580082d5c394287cd697523e0fe6) Importer(815301076,1909f56bfc062723c751e8b465ee728b)  -> (artifact id: '74af73893cd9d2eeb3f8a863bcc44bb7') in 0.010272 seconds 
  Import took 0.012878 seconds .

========================================================================
Received Import Request.
  Time since last request: 0.000377 seconds.
  path: Assets/ToonyTinyPeople/TT_demo/animation/male/m_walk_rm.FBX
  artifactKey: Guid(81efcc53f5c29ee4cbaf29dc5e138266) Importer(815301076,1909f56bfc062723c751e8b465ee728b)
Start importing Assets/ToonyTinyPeople/TT_demo/animation/male/m_walk_rm.FBX using Guid(81efcc53f5c29ee4cbaf29dc5e138266) Importer(815301076,1909f56bfc062723c751e8b465ee728b)  -> (artifact id: '8ff2080d6467fab779a98d3013de06d6') in 0.009719 seconds 
  Import took 0.012625 seconds .

========================================================================
Received Import Request.
  Time since last request: 0.000348 seconds.
  path: Assets/ToonyTinyPeople/TT_demo/animation/male/m_walk.FBX
  artifactKey: Guid(8e7729e683827274688a546eaa83bb9b) Importer(815301076,1909f56bfc062723c751e8b465ee728b)
Start importing Assets/ToonyTinyPeople/TT_demo/animation/male/m_walk.FBX using Guid(8e7729e683827274688a546eaa83bb9b) Importer(815301076,1909f56bfc062723c751e8b465ee728b)  -> (artifact id: 'd83f934714c34583e0f5d2965dbd4fa8') in 0.010601 seconds 
  Import took 0.013164 seconds .

========================================================================
Received Import Request.
  Time since last request: 0.000309 seconds.
  path: Assets/ToonyTinyPeople/TT_demo/animation/male/m_idle_A.FBX
  artifactKey: Guid(3a8302c5bd6eb324ab81ef3690282de3) Importer(815301076,1909f56bfc062723c751e8b465ee728b)
Start importing Assets/ToonyTinyPeople/TT_demo/animation/male/m_idle_A.FBX using Guid(3a8302c5bd6eb324ab81ef3690282de3) Importer(815301076,1909f56bfc062723c751e8b465ee728b)  -> (artifact id: '31202ad37566520ece88da76f9c77d78') in 0.010481 seconds 
  Import took 0.013520 seconds .

========================================================================
Received Import Request.
  Time since last request: 0.000307 seconds.
  path: Assets/ToonyTinyPeople/TT_demo/animation/male/m_pistol_run_rm.FBX
  artifactKey: Guid(7336fd1265cce7c4c8bb6237e730fa95) Importer(815301076,1909f56bfc062723c751e8b465ee728b)
Start importing Assets/ToonyTinyPeople/TT_demo/animation/male/m_pistol_run_rm.FBX using Guid(7336fd1265cce7c4c8bb6237e730fa95) Importer(815301076,1909f56bfc062723c751e8b465ee728b)  -> (artifact id: 'b22840959adb2f3a1292211edbe22b68') in 0.010896 seconds 
  Import took 0.014044 seconds .

========================================================================
Received Import Request.
  Time since last request: 0.000333 seconds.
  path: Assets/ToonyTinyPeople/TT_demo/animation/male/m_melee_combat_run_rm.FBX
  artifactKey: Guid(4289d981d5b7ac14f8b9f83b1edc5a80) Importer(815301076,1909f56bfc062723c751e8b465ee728b)
Start importing Assets/ToonyTinyPeople/TT_demo/animation/male/m_melee_combat_run_rm.FBX using Guid(4289d981d5b7ac14f8b9f83b1edc5a80) Importer(815301076,1909f56bfc062723c751e8b465ee728b)  -> (artifact id: '3204457713d7da1376d7b9f034eebec3') in 0.010159 seconds 
  Import took 0.013653 seconds .

========================================================================
Received Import Request.
  Time since last request: 5.909330 seconds.
  path: Assets/ToonyTinyPeople/TT_demo/animation/female/f_death_A.FBX
  artifactKey: Guid(439cb5ba9185e744ab22f8b7c85de62d) Importer(815301076,1909f56bfc062723c751e8b465ee728b)
Start importing Assets/ToonyTinyPeople/TT_demo/animation/female/f_death_A.FBX using Guid(439cb5ba9185e744ab22f8b7c85de62d) Importer(815301076,1909f56bfc062723c751e8b465ee728b)  -> (artifact id: '839933aeb3a6dfcbc58e469f2848e559') in 0.010493 seconds 
  Import took 0.013180 seconds .

========================================================================
Received Import Request.
  Time since last request: 0.000362 seconds.
  path: Assets/ToonyTinyPeople/TT_demo/animation/female/f_melee_combat_run.FBX
  artifactKey: Guid(5b7c6009246c70644acfab1158c5529d) Importer(815301076,1909f56bfc062723c751e8b465ee728b)
Start importing Assets/ToonyTinyPeople/TT_demo/animation/female/f_melee_combat_run.FBX using Guid(5b7c6009246c70644acfab1158c5529d) Importer(815301076,1909f56bfc062723c751e8b465ee728b)  -> (artifact id: '59f3d1f129f30e9cbc519beb99144517') in 0.009623 seconds 
  Import took 0.012086 seconds .

========================================================================
Received Import Request.
  Time since last request: 0.000337 seconds.
  path: Assets/ToonyTinyPeople/TT_demo/animation/female/f_run_rm.FBX
  artifactKey: Guid(516dfe9f6dfd51645b6698e09d486b96) Importer(815301076,1909f56bfc062723c751e8b465ee728b)
Start importing Assets/ToonyTinyPeople/TT_demo/animation/female/f_run_rm.FBX using Guid(516dfe9f6dfd51645b6698e09d486b96) Importer(815301076,1909f56bfc062723c751e8b465ee728b)  -> (artifact id: 'c0e2f8c240f0300616ade032aca53471') in 0.009910 seconds 
  Import took 0.012796 seconds .

========================================================================
Received Import Request.
  Time since last request: 0.000341 seconds.
  path: Assets/ToonyTinyPeople/TT_demo/animation/female/f_run.FBX
  artifactKey: Guid(0847a0b7fc33c8a4fb959b7da2c742ef) Importer(815301076,1909f56bfc062723c751e8b465ee728b)
Start importing Assets/ToonyTinyPeople/TT_demo/animation/female/f_run.FBX using Guid(0847a0b7fc33c8a4fb959b7da2c742ef) Importer(815301076,1909f56bfc062723c751e8b465ee728b)  -> (artifact id: 'aae610023ed5659320813e31af097d68') in 0.009844 seconds 
  Import took 0.012302 seconds .

========================================================================
Received Import Request.
  Time since last request: 0.000342 seconds.
  path: Assets/ToonyTinyPeople/TT_demo/animation/female/f_idle_A.FBX
  artifactKey: Guid(103a90a3600679b4697f20cc5792b742) Importer(815301076,1909f56bfc062723c751e8b465ee728b)
Start importing Assets/ToonyTinyPeople/TT_demo/animation/female/f_idle_A.FBX using Guid(103a90a3600679b4697f20cc5792b742) Importer(815301076,1909f56bfc062723c751e8b465ee728b)  -> (artifact id: '07de44d2f9c40a51ab1d51c92e7a228a') in 0.010536 seconds 
  Import took 0.013126 seconds .

========================================================================
Received Import Request.
  Time since last request: 0.000334 seconds.
  path: Assets/ToonyTinyPeople/TT_demo/animation/female/f_melee_combat_idle.FBX
  artifactKey: Guid(db6b2a3bb2f40834d9f4f8320dc20656) Importer(815301076,1909f56bfc062723c751e8b465ee728b)
Start importing Assets/ToonyTinyPeople/TT_demo/animation/female/f_melee_combat_idle.FBX using Guid(db6b2a3bb2f40834d9f4f8320dc20656) Importer(815301076,1909f56bfc062723c751e8b465ee728b)  -> (artifact id: '33eaa9cf63ddaa847d4ab0ce8f8b8988') in 0.010158 seconds 
  Import took 0.012458 seconds .

========================================================================
Received Import Request.
  Time since last request: 0.000323 seconds.
  path: Assets/ToonyTinyPeople/TT_demo/animation/female/f_melee_combat_run_rm.FBX
  artifactKey: Guid(a5318871f06c2ec419fa67feabe2667c) Importer(815301076,1909f56bfc062723c751e8b465ee728b)
Start importing Assets/ToonyTinyPeople/TT_demo/animation/female/f_melee_combat_run_rm.FBX using Guid(a5318871f06c2ec419fa67feabe2667c) Importer(815301076,1909f56bfc062723c751e8b465ee728b)  -> (artifact id: 'fae846c81f7e4b5054873c88e3cbec5f') in 0.010542 seconds 
  Import took 0.013014 seconds .

========================================================================
Received Import Request.
  Time since last request: 0.000341 seconds.
  path: Assets/ToonyTinyPeople/TT_demo/animation/female/f_walk.FBX
  artifactKey: Guid(bcc64d51e079b6b4598ee4d3eceb0f6d) Importer(815301076,1909f56bfc062723c751e8b465ee728b)
Start importing Assets/ToonyTinyPeople/TT_demo/animation/female/f_walk.FBX using Guid(bcc64d51e079b6b4598ee4d3eceb0f6d) Importer(815301076,1909f56bfc062723c751e8b465ee728b)  -> (artifact id: '5d226c7256a2a12f662653c6d176aac7') in 0.009233 seconds 
  Import took 0.011506 seconds .

========================================================================
Received Import Request.
  Time since last request: 0.000298 seconds.
  path: Assets/ToonyTinyPeople/TT_demo/animation/female/f_walk_rm.FBX
  artifactKey: Guid(bb6efc974b1030f4c95eff1c0e5097f0) Importer(815301076,1909f56bfc062723c751e8b465ee728b)
Start importing Assets/ToonyTinyPeople/TT_demo/animation/female/f_walk_rm.FBX using Guid(bb6efc974b1030f4c95eff1c0e5097f0) Importer(815301076,1909f56bfc062723c751e8b465ee728b)  -> (artifact id: '0b4d635d823379aac4e0c0324ea2e09d') in 0.010879 seconds 
  Import took 0.014424 seconds .

========================================================================
Received Import Request.
  Time since last request: 0.000321 seconds.
  path: Assets/ToonyTinyPeople/TT_demo/animation/female/f_melee_combat_attack_A.FBX
  artifactKey: Guid(9d953fa5dc3e2c943a2d0eee3a072c0d) Importer(815301076,1909f56bfc062723c751e8b465ee728b)
Start importing Assets/ToonyTinyPeople/TT_demo/animation/female/f_melee_combat_attack_A.FBX using Guid(9d953fa5dc3e2c943a2d0eee3a072c0d) Importer(815301076,1909f56bfc062723c751e8b465ee728b)  -> (artifact id: 'e9219706418027901c712cc8810ff87f') in 0.011057 seconds 
  Import took 0.014235 seconds .

========================================================================
Received Import Request.
  Time since last request: 2.531229 seconds.
  path: Assets/ToonyTinyPeople/TT_demo/animation/zombie/Z_attack_A.FBX
  artifactKey: Guid(41ee23486f1e28540ba9809f8694edc3) Importer(815301076,1909f56bfc062723c751e8b465ee728b)
Start importing Assets/ToonyTinyPeople/TT_demo/animation/zombie/Z_attack_A.FBX using Guid(41ee23486f1e28540ba9809f8694edc3) Importer(815301076,1909f56bfc062723c751e8b465ee728b)  -> (artifact id: '02e20da6898163a623a8ae7f4f79a8bf') in 0.010234 seconds 
  Import took 0.013163 seconds .

========================================================================
Received Import Request.
  Time since last request: 0.000322 seconds.
  path: Assets/ToonyTinyPeople/TT_demo/animation/zombie/Z_death_A.FBX
  artifactKey: Guid(eb6a7e4187641364aa026764fe99b26c) Importer(815301076,1909f56bfc062723c751e8b465ee728b)
Start importing Assets/ToonyTinyPeople/TT_demo/animation/zombie/Z_death_A.FBX using Guid(eb6a7e4187641364aa026764fe99b26c) Importer(815301076,1909f56bfc062723c751e8b465ee728b)  -> (artifact id: 'fbc2ea335e266da373dd00c20f345c13') in 0.010454 seconds 
  Import took 0.012929 seconds .

========================================================================
Received Import Request.
  Time since last request: 0.000314 seconds.
  path: Assets/ToonyTinyPeople/TT_demo/animation/zombie/Z_run.FBX
  artifactKey: Guid(7127da4a5abc12b47a9a29f859fa2a6b) Importer(815301076,1909f56bfc062723c751e8b465ee728b)
Start importing Assets/ToonyTinyPeople/TT_demo/animation/zombie/Z_run.FBX using Guid(7127da4a5abc12b47a9a29f859fa2a6b) Importer(815301076,1909f56bfc062723c751e8b465ee728b)  -> (artifact id: '17f293ea74c1b99f0a4e9fe58ac1275e') in 0.009725 seconds 
  Import took 0.012355 seconds .

========================================================================
Received Import Request.
  Time since last request: 0.000333 seconds.
  path: Assets/ToonyTinyPeople/TT_demo/animation/zombie/Z_walk.FBX
  artifactKey: Guid(cb06e389fe68e9549aaa4afde3c517d4) Importer(815301076,1909f56bfc062723c751e8b465ee728b)
Start importing Assets/ToonyTinyPeople/TT_demo/animation/zombie/Z_walk.FBX using Guid(cb06e389fe68e9549aaa4afde3c517d4) Importer(815301076,1909f56bfc062723c751e8b465ee728b)  -> (artifact id: '1d1282798378c22f860754ae1dc67b81') in 0.009886 seconds 
  Import took 0.021367 seconds .

========================================================================
Received Import Request.
  Time since last request: 0.000326 seconds.
  path: Assets/ToonyTinyPeople/TT_demo/animation/zombie/Z_idle_A.FBX
  artifactKey: Guid(457c3c9d2739b984c9284b437f21ea6a) Importer(815301076,1909f56bfc062723c751e8b465ee728b)
Start importing Assets/ToonyTinyPeople/TT_demo/animation/zombie/Z_idle_A.FBX using Guid(457c3c9d2739b984c9284b437f21ea6a) Importer(815301076,1909f56bfc062723c751e8b465ee728b)  -> (artifact id: '99797cd5c134e153464ae3316bded2e7') in 0.009179 seconds 
  Import took 0.011809 seconds .

========================================================================
Received Import Request.
  Time since last request: 0.000458 seconds.
  path: Assets/ToonyTinyPeople/TT_demo/animation/zombie/Z_walk_rm.FBX
  artifactKey: Guid(81d377153a3bc034db48bddeb618dbf1) Importer(815301076,1909f56bfc062723c751e8b465ee728b)
Start importing Assets/ToonyTinyPeople/TT_demo/animation/zombie/Z_walk_rm.FBX using Guid(81d377153a3bc034db48bddeb618dbf1) Importer(815301076,1909f56bfc062723c751e8b465ee728b)  -> (artifact id: '83fae6316557eb51f776c979dad6e6ba') in 0.009414 seconds 
  Import took 0.011899 seconds .

========================================================================
Received Import Request.
  Time since last request: 0.000337 seconds.
  path: Assets/ToonyTinyPeople/TT_demo/animation/zombie/Z_run_rm.FBX
  artifactKey: Guid(d0334405a3aa00943a641180b27874bb) Importer(815301076,1909f56bfc062723c751e8b465ee728b)
Start importing Assets/ToonyTinyPeople/TT_demo/animation/zombie/Z_run_rm.FBX using Guid(d0334405a3aa00943a641180b27874bb) Importer(815301076,1909f56bfc062723c751e8b465ee728b)  -> (artifact id: '52b1b5942b7f31e045f62180fb4fe198') in 0.010060 seconds 
  Import took 0.012470 seconds .

========================================================================
Received Import Request.
  Time since last request: 172.653149 seconds.
  path: Assets/ToonyTinyPeople/TT_soldiers_Demo/animation
  artifactKey: Guid(0ea352ffa70bbfb46993c5a4df00d6d2) Importer(815301076,1909f56bfc062723c751e8b465ee728b)
Start importing Assets/ToonyTinyPeople/TT_soldiers_Demo/animation using Guid(0ea352ffa70bbfb46993c5a4df00d6d2) Importer(815301076,1909f56bfc062723c751e8b465ee728b)  -> (artifact id: 'c20ea2ef9734986dc52916d0e6e37be3') in 0.003896 seconds 
  Import took 0.006731 seconds .

========================================================================
Received Import Request.
  Time since last request: 0.034133 seconds.
  path: Assets/ToonyTinyPeople/TT_soldiers_Demo/animation/m_weapon_idle_A.FBX
  artifactKey: Guid(f76657dd6f742dd4087218090ad1148c) Importer(815301076,1909f56bfc062723c751e8b465ee728b)
Start importing Assets/ToonyTinyPeople/TT_soldiers_Demo/animation/m_weapon_idle_A.FBX using Guid(f76657dd6f742dd4087218090ad1148c) Importer(815301076,1909f56bfc062723c751e8b465ee728b)  -> (artifact id: '2b59896ee6205e92d06cb2e7b58ca2ba') in 0.010118 seconds 
  Import took 0.012607 seconds .

========================================================================
Received Import Request.
  Time since last request: 0.000513 seconds.
  path: Assets/ToonyTinyPeople/TT_soldiers_Demo/animation/m_weapon_run_rm.FBX
  artifactKey: Guid(c0048537d6cf8f048b3f020cc6f2a35c) Importer(815301076,1909f56bfc062723c751e8b465ee728b)
Start importing Assets/ToonyTinyPeople/TT_soldiers_Demo/animation/m_weapon_run_rm.FBX using Guid(c0048537d6cf8f048b3f020cc6f2a35c) Importer(815301076,1909f56bfc062723c751e8b465ee728b)  -> (artifact id: 'a14b9148b085764cf1f59fd9343f33e1') in 0.009188 seconds 
  Import took 0.011800 seconds .

========================================================================
Received Import Request.
  Time since last request: 0.000310 seconds.
  path: Assets/ToonyTinyPeople/TT_soldiers_Demo/animation/m_weapon_idle_B.FBX
  artifactKey: Guid(e3caf38ba16a77949bc98ff31b5bd67f) Importer(815301076,1909f56bfc062723c751e8b465ee728b)
Start importing Assets/ToonyTinyPeople/TT_soldiers_Demo/animation/m_weapon_idle_B.FBX using Guid(e3caf38ba16a77949bc98ff31b5bd67f) Importer(815301076,1909f56bfc062723c751e8b465ee728b)  -> (artifact id: 'ab374712c76608a669e8a246b50a67ad') in 0.011345 seconds 
  Import took 0.013764 seconds .

========================================================================
Received Import Request.
  Time since last request: 0.000310 seconds.
  path: Assets/ToonyTinyPeople/TT_soldiers_Demo/animation/m_weapon_shoot_burst.FBX
  artifactKey: Guid(687cb842871188646890b29f6e3b80b6) Importer(815301076,1909f56bfc062723c751e8b465ee728b)
Start importing Assets/ToonyTinyPeople/TT_soldiers_Demo/animation/m_weapon_shoot_burst.FBX using Guid(687cb842871188646890b29f6e3b80b6) Importer(815301076,1909f56bfc062723c751e8b465ee728b)  -> (artifact id: '75e48f512891b9bbf3b58e192cf1ed9a') in 0.010661 seconds 
  Import took 0.013750 seconds .

========================================================================
Received Import Request.
  Time since last request: 0.000330 seconds.
  path: Assets/ToonyTinyPeople/TT_soldiers_Demo/animation/m_weapon_shoot.FBX
  artifactKey: Guid(80ab5b1ef45fca4489c63ad4e31b41a1) Importer(815301076,1909f56bfc062723c751e8b465ee728b)
Start importing Assets/ToonyTinyPeople/TT_soldiers_Demo/animation/m_weapon_shoot.FBX using Guid(80ab5b1ef45fca4489c63ad4e31b41a1) Importer(815301076,1909f56bfc062723c751e8b465ee728b)  -> (artifact id: '331663a13ddfc440d6d419781be7ec0f') in 0.011708 seconds 
  Import took 0.014064 seconds .

========================================================================
Received Import Request.
  Time since last request: 0.000300 seconds.
  path: Assets/ToonyTinyPeople/TT_soldiers_Demo/animation/m_weapon_run.FBX
  artifactKey: Guid(5af874656ec2e434b80f9647d65942a7) Importer(815301076,1909f56bfc062723c751e8b465ee728b)
Start importing Assets/ToonyTinyPeople/TT_soldiers_Demo/animation/m_weapon_run.FBX using Guid(5af874656ec2e434b80f9647d65942a7) Importer(815301076,1909f56bfc062723c751e8b465ee728b)  -> (artifact id: 'ae473183941deb448230371ffb207b17') in 0.011100 seconds 
  Import took 0.013789 seconds .

========================================================================
Received Import Request.
  Time since last request: 55.833283 seconds.
  path: Assets/ToonyTinyPeople
  artifactKey: Guid(e3fb0b22ba639bf4e9733f7298784d67) Importer(815301076,1909f56bfc062723c751e8b465ee728b)
Start importing Assets/ToonyTinyPeople using Guid(e3fb0b22ba639bf4e9733f7298784d67) Importer(815301076,1909f56bfc062723c751e8b465ee728b)  -> (artifact id: '9051ae6397a5b4e63691ac97176b1884') in 0.008510 seconds 
  Import took 0.011000 seconds .

========================================================================
Received Import Request.
  Time since last request: 12.007846 seconds.
  path: Assets/ToonyTinyPeople/TT_soldiers_Demo
  artifactKey: Guid(82aef068db4563a4d97f68071175dd07) Importer(815301076,1909f56bfc062723c751e8b465ee728b)
Start importing Assets/ToonyTinyPeople/TT_soldiers_Demo using Guid(82aef068db4563a4d97f68071175dd07) Importer(815301076,1909f56bfc062723c751e8b465ee728b)  -> (artifact id: '94608a1bc90088f1ee02ad159aef72a5') in 0.008371 seconds 
  Import took 0.011024 seconds .

========================================================================
Received Import Request.
  Time since last request: 339.744969 seconds.
  path: Assets/ToonyTinyPeople/TT_ww1_demo/Toony Tiny WW1 pack parts.jpg
  artifactKey: Guid(161b96f01b0b8f54aab09c42710f11de) Importer(815301076,1909f56bfc062723c751e8b465ee728b)
Start importing Assets/ToonyTinyPeople/TT_ww1_demo/Toony Tiny WW1 pack parts.jpg using Guid(161b96f01b0b8f54aab09c42710f11de) Importer(815301076,1909f56bfc062723c751e8b465ee728b)  -> (artifact id: '0c51080fbefbec83008790e266ed639e') in 0.025991 seconds 
  Import took 0.028698 seconds .

========================================================================
Received Import Request.
  Time since last request: 0.000327 seconds.
  path: Assets/ToonyTinyPeople/TT_ww1_demo/Toony Tiny WW1 pack.jpg
  artifactKey: Guid(f6d8e323b17a36142aa8fcddbeb16a9f) Importer(815301076,1909f56bfc062723c751e8b465ee728b)
Start importing Assets/ToonyTinyPeople/TT_ww1_demo/Toony Tiny WW1 pack.jpg using Guid(f6d8e323b17a36142aa8fcddbeb16a9f) Importer(815301076,1909f56bfc062723c751e8b465ee728b)  -> (artifact id: 'a578c2c2452bfa3df7fac0fa9048c86b') in 0.011516 seconds 
  Import took 0.013688 seconds .

========================================================================
Received Import Request.
  Time since last request: 2.007681 seconds.
  path: Assets/ToonyTinyPeople/TT_ww1_demo/animation
  artifactKey: Guid(daab072fddaf8504da4456fcdbf3f9b3) Importer(815301076,1909f56bfc062723c751e8b465ee728b)
Start importing Assets/ToonyTinyPeople/TT_ww1_demo/animation using Guid(daab072fddaf8504da4456fcdbf3f9b3) Importer(815301076,1909f56bfc062723c751e8b465ee728b)  -> (artifact id: '356fbca53472ca204e88618a9c822728') in 0.003989 seconds 
  Import took 0.006611 seconds .

========================================================================
Received Import Request.
  Time since last request: 0.000752 seconds.
  path: Assets/ToonyTinyPeople/TT_ww1_demo/animation
  artifactKey: Guid(daab072fddaf8504da4456fcdbf3f9b3) Importer(815301076,1909f56bfc062723c751e8b465ee728b)
Start importing Assets/ToonyTinyPeople/TT_ww1_demo/animation using Guid(daab072fddaf8504da4456fcdbf3f9b3) Importer(815301076,1909f56bfc062723c751e8b465ee728b)  -> (artifact id: '356fbca53472ca204e88618a9c822728') in 0.003143 seconds 
  Import took 0.005790 seconds .

========================================================================
Received Import Request.
  Time since last request: 0.041512 seconds.
  path: Assets/ToonyTinyPeople/TT_ww1_demo/animation/m_weapon_death_A.FBX
  artifactKey: Guid(4565aa2887ad2ca409f4f3321e3eba23) Importer(815301076,1909f56bfc062723c751e8b465ee728b)
Start importing Assets/ToonyTinyPeople/TT_ww1_demo/animation/m_weapon_death_A.FBX using Guid(4565aa2887ad2ca409f4f3321e3eba23) Importer(815301076,1909f56bfc062723c751e8b465ee728b)  -> (artifact id: 'b4b3bfd4ee91a77d6ed8887c911b20e2') in 0.011110 seconds 
  Import took 0.025363 seconds .

========================================================================
Received Import Request.
  Time since last request: 0.000327 seconds.
  path: Assets/ToonyTinyPeople/TT_ww1_demo/animation/m_weapon_run.FBX
  artifactKey: Guid(ba9f2b18e3cdfa341b6260f4bb7264e9) Importer(815301076,1909f56bfc062723c751e8b465ee728b)
Start importing Assets/ToonyTinyPeople/TT_ww1_demo/animation/m_weapon_run.FBX using Guid(ba9f2b18e3cdfa341b6260f4bb7264e9) Importer(815301076,1909f56bfc062723c751e8b465ee728b)  -> (artifact id: 'f1cf9ecc187321a143a052d7bad21871') in 0.006137 seconds 
  Import took 0.008777 seconds .

========================================================================
Received Import Request.
  Time since last request: 0.000313 seconds.
  path: Assets/ToonyTinyPeople/TT_ww1_demo/animation/m_weapon_idle_A.FBX
  artifactKey: Guid(5229600f4e11b5442b5322053b0485ed) Importer(815301076,1909f56bfc062723c751e8b465ee728b)
Start importing Assets/ToonyTinyPeople/TT_ww1_demo/animation/m_weapon_idle_A.FBX using Guid(5229600f4e11b5442b5322053b0485ed) Importer(815301076,1909f56bfc062723c751e8b465ee728b)  -> (artifact id: 'f591c840838bd17afc5935edd9540b8d') in 0.011670 seconds 
  Import took 0.014780 seconds .

========================================================================
Received Import Request.
  Time since last request: 0.000319 seconds.
  path: Assets/ToonyTinyPeople/TT_ww1_demo/animation/m_weapon_shoot.FBX
  artifactKey: Guid(3f301bf9b752f2c4ba7fb620b38838b2) Importer(815301076,1909f56bfc062723c751e8b465ee728b)
Start importing Assets/ToonyTinyPeople/TT_ww1_demo/animation/m_weapon_shoot.FBX using Guid(3f301bf9b752f2c4ba7fb620b38838b2) Importer(815301076,1909f56bfc062723c751e8b465ee728b)  -> (artifact id: '2695bd37b9163a3c6c757f809cc3cd7c') in 0.006467 seconds 
  Import took 0.008782 seconds .

========================================================================
Received Import Request.
  Time since last request: 175.267930 seconds.
  path: Assets
  artifactKey: Guid(00000000000000001000000000000000) Importer(815301076,1909f56bfc062723c751e8b465ee728b)
Start importing Assets using Guid(00000000000000001000000000000000) Importer(815301076,1909f56bfc062723c751e8b465ee728b)  -> (artifact id: '42d402b061de3733987d63b9cc3b64de') in 0.011948 seconds 
  Import took 0.016817 seconds .

========================================================================
Received Import Request.
  Time since last request: 5.375566 seconds.
  path: Assets/Animation
  artifactKey: Guid(2938bfad0e08c3a4b900cd8e2098cdad) Importer(815301076,1909f56bfc062723c751e8b465ee728b)
Start importing Assets/Animation using Guid(2938bfad0e08c3a4b900cd8e2098cdad) Importer(815301076,1909f56bfc062723c751e8b465ee728b)  -> (artifact id: '0fd8da60bf2f410b96d2f84f6d0834d1') in 0.007812 seconds 
  Import took 0.010349 seconds .

========================================================================
Received Import Request.
  Time since last request: 5.336405 seconds.
  path: Assets/Animation/Gunplay (1).fbx
  artifactKey: Guid(c4a7f537047cb704f82491e2c8915879) Importer(815301076,1909f56bfc062723c751e8b465ee728b)
Start importing Assets/Animation/Gunplay (1).fbx using Guid(c4a7f537047cb704f82491e2c8915879) Importer(815301076,1909f56bfc062723c751e8b465ee728b)  -> (artifact id: '690c45e0016fc44d315951987b34d17f') in 0.228088 seconds 
  Import took 0.231050 seconds .

========================================================================
Received Import Request.
  Time since last request: 9.546255 seconds.
  path: Assets/Animation/GunPlay.fbx
  artifactKey: Guid(c4a7f537047cb704f82491e2c8915879) Importer(815301076,1909f56bfc062723c751e8b465ee728b)
Start importing Assets/Animation/GunPlay.fbx using Guid(c4a7f537047cb704f82491e2c8915879) Importer(815301076,1909f56bfc062723c751e8b465ee728b)  -> (artifact id: '8767267448234a7d0a8ba2df6357de24') in 0.070716 seconds 
  Import took 0.073619 seconds .

========================================================================
Received Import Request.
  Time since last request: 14.052163 seconds.
  path: Assets/Animation/GunPlay.fbx
  artifactKey: Guid(c4a7f537047cb704f82491e2c8915879) Importer(815301076,1909f56bfc062723c751e8b465ee728b)
Start importing Assets/Animation/GunPlay.fbx using Guid(c4a7f537047cb704f82491e2c8915879) Importer(815301076,1909f56bfc062723c751e8b465ee728b)  -> (artifact id: '53e2eed480838d90f276800680e272f2') in 0.031760 seconds 
  Import took 0.034588 seconds .

========================================================================
Received Import Request.
  Time since last request: 0.004307 seconds.
  path: Assets/Animation/GunPlay.fbx
  artifactKey: Guid(c4a7f537047cb704f82491e2c8915879) Importer(815301076,1909f56bfc062723c751e8b465ee728b)
Start importing Assets/Animation/GunPlay.fbx using Guid(c4a7f537047cb704f82491e2c8915879) Importer(815301076,1909f56bfc062723c751e8b465ee728b)  -> (artifact id: '53e2eed480838d90f276800680e272f2') in 0.034236 seconds 
  Import took 0.037727 seconds .

========================================================================
Received Import Request.
  Time since last request: 7.305810 seconds.
  path: Assets/ToonyTinyPeople/TT_ww1_demo/prefabs/TT_ww1_demo_british_A.prefab
  artifactKey: Guid(aa05473e4d04e834eb7a29b53251c8cf) Importer(815301076,1909f56bfc062723c751e8b465ee728b)
Start importing Assets/ToonyTinyPeople/TT_ww1_demo/prefabs/TT_ww1_demo_british_A.prefab using Guid(aa05473e4d04e834eb7a29b53251c8cf) Importer(815301076,1909f56bfc062723c751e8b465ee728b)  -> (artifact id: '7be1b566ed07a256c8e2b009ebea1150') in 0.017263 seconds 
  Import took 0.020012 seconds .

========================================================================
Received Import Request.
  Time since last request: 0.652079 seconds.
  path: Assets/ToonyTinyPeople/TT_ww1_demo/prefabs/TT_ww1_demo_german_A.prefab
  artifactKey: Guid(789396300d039cc4fa674d36eddb10a7) Importer(815301076,1909f56bfc062723c751e8b465ee728b)
Start importing Assets/ToonyTinyPeople/TT_ww1_demo/prefabs/TT_ww1_demo_german_A.prefab using Guid(789396300d039cc4fa674d36eddb10a7) Importer(815301076,1909f56bfc062723c751e8b465ee728b)  -> (artifact id: '911945d21dfe5f579dc1550783be1a6e') in 0.017575 seconds 
  Import took 0.020764 seconds .

========================================================================
Received Import Request.
  Time since last request: 0.002866 seconds.
  path: Assets/ToonyTinyPeople/TT_ww1_demo/prefabs/TT_ww1_demo_german_A.prefab
  artifactKey: Guid(789396300d039cc4fa674d36eddb10a7) Importer(815301076,1909f56bfc062723c751e8b465ee728b)
Start importing Assets/ToonyTinyPeople/TT_ww1_demo/prefabs/TT_ww1_demo_german_A.prefab using Guid(789396300d039cc4fa674d36eddb10a7) Importer(815301076,1909f56bfc062723c751e8b465ee728b)  -> (artifact id: '911945d21dfe5f579dc1550783be1a6e') in 0.013359 seconds 
  Import took 0.016104 seconds .

========================================================================
Received Import Request.
  Time since last request: 0.431696 seconds.
  path: Assets/ToonyTinyPeople/TT_ww1_demo/prefabs/TT_ww1_demo_german_B.prefab
  artifactKey: Guid(c119a327e0fdf4f4890b2d98da9e2914) Importer(815301076,1909f56bfc062723c751e8b465ee728b)
Start importing Assets/ToonyTinyPeople/TT_ww1_demo/prefabs/TT_ww1_demo_german_B.prefab using Guid(c119a327e0fdf4f4890b2d98da9e2914) Importer(815301076,1909f56bfc062723c751e8b465ee728b)  -> (artifact id: '3c64f874dec3fb9cd2dcca5a3f5932e2') in 0.019078 seconds 
  Import took 0.022087 seconds .

========================================================================
Received Import Request.
  Time since last request: 0.000921 seconds.
  path: Assets/ToonyTinyPeople/TT_ww1_demo/prefabs/TT_ww1_demo_german_B.prefab
  artifactKey: Guid(c119a327e0fdf4f4890b2d98da9e2914) Importer(815301076,1909f56bfc062723c751e8b465ee728b)
Start importing Assets/ToonyTinyPeople/TT_ww1_demo/prefabs/TT_ww1_demo_german_B.prefab using Guid(c119a327e0fdf4f4890b2d98da9e2914) Importer(815301076,1909f56bfc062723c751e8b465ee728b)  -> (artifact id: '3c64f874dec3fb9cd2dcca5a3f5932e2') in 0.013143 seconds 
  Import took 0.015929 seconds .

========================================================================
Received Import Request.
  Time since last request: 2.436748 seconds.
  path: Assets/ToonyTinyPeople/TT_soldiers_Demo/prefab/TT_Soldiers_Demo.prefab
  artifactKey: Guid(5bf81c1e7c3fa764c9ad1ad61f333094) Importer(815301076,1909f56bfc062723c751e8b465ee728b)
Start importing Assets/ToonyTinyPeople/TT_soldiers_Demo/prefab/TT_Soldiers_Demo.prefab using Guid(5bf81c1e7c3fa764c9ad1ad61f333094) Importer(815301076,1909f56bfc062723c751e8b465ee728b)  -> (artifact id: 'b4e36db9c7c33dba60065cea0436f68a') in 0.022107 seconds 
  Import took 0.025195 seconds .

========================================================================
Received Import Request.
  Time since last request: 0.004208 seconds.
  path: Assets/ToonyTinyPeople/TT_soldiers_Demo/prefab/TT_Soldiers_Demo.prefab
  artifactKey: Guid(5bf81c1e7c3fa764c9ad1ad61f333094) Importer(815301076,1909f56bfc062723c751e8b465ee728b)
Start importing Assets/ToonyTinyPeople/TT_soldiers_Demo/prefab/TT_Soldiers_Demo.prefab using Guid(5bf81c1e7c3fa764c9ad1ad61f333094) Importer(815301076,1909f56bfc062723c751e8b465ee728b)  -> (artifact id: 'b4e36db9c7c33dba60065cea0436f68a') in 0.015890 seconds 
  Import took 0.018973 seconds .

========================================================================
Received Import Request.
  Time since last request: 8.532149 seconds.
  path: Assets/ToonyTinyPeople/TT_soldiers_Demo/Demo_sample_scene/animation_samples/weapon_idle.controller
  artifactKey: Guid(94d76f859419a5048a2d6cf80ef45f88) Importer(815301076,1909f56bfc062723c751e8b465ee728b)
Start importing Assets/ToonyTinyPeople/TT_soldiers_Demo/Demo_sample_scene/animation_samples/weapon_idle.controller using Guid(94d76f859419a5048a2d6cf80ef45f88) Importer(815301076,1909f56bfc062723c751e8b465ee728b)  -> (artifact id: '4798514e5471694c218f6abb9f379fca') in 0.014491 seconds 
  Import took 0.017509 seconds .

========================================================================
Received Import Request.
  Time since last request: 0.000874 seconds.
  path: Assets/ToonyTinyPeople/TT_soldiers_Demo/Demo_sample_scene/animation_samples/weapon_idle.controller
  artifactKey: Guid(94d76f859419a5048a2d6cf80ef45f88) Importer(815301076,1909f56bfc062723c751e8b465ee728b)
Start importing Assets/ToonyTinyPeople/TT_soldiers_Demo/Demo_sample_scene/animation_samples/weapon_idle.controller using Guid(94d76f859419a5048a2d6cf80ef45f88) Importer(815301076,1909f56bfc062723c751e8b465ee728b)  -> (artifact id: '4798514e5471694c218f6abb9f379fca') in 0.005009 seconds 
  Import took 0.007409 seconds .

========================================================================
Received Import Request.
  Time since last request: 149.247062 seconds.
  path: Assets/Animation/GunPlay.fbx
  artifactKey: Guid(c4a7f537047cb704f82491e2c8915879) Importer(815301076,1909f56bfc062723c751e8b465ee728b)
Start importing Assets/Animation/GunPlay.fbx using Guid(c4a7f537047cb704f82491e2c8915879) Importer(815301076,1909f56bfc062723c751e8b465ee728b)  -> (artifact id: 'a23fcf230ee9c49e499d1e2fa583ffd0') in 0.089221 seconds 
  Import took 0.092084 seconds .

========================================================================
Received Import Request.
  Time since last request: 13.550743 seconds.
  path: Assets/Animation/GunPlay.anim
  artifactKey: Guid(c363802011e6ddf489d8dc4b9c76914d) Importer(815301076,1909f56bfc062723c751e8b465ee728b)
Start importing Assets/Animation/GunPlay.anim using Guid(c363802011e6ddf489d8dc4b9c76914d) Importer(815301076,1909f56bfc062723c751e8b465ee728b)  -> (artifact id: 'f177f2e3df421581100f40f644e76b3f') in 0.012034 seconds 
  Import took 0.015046 seconds .

========================================================================
Received Prepare
Registering precompiled user dll's ...
Registered in 0.005163 seconds.
Begin MonoManager ReloadAssembly
Native extension for WindowsStandalone target not found
Refreshing native plugins compatible for Editor in 0.29 ms, found 2 plugins.
Preloading 0 native plugins for Editor in 0.00 ms.
Mono: successfully reloaded assembly
- Completed reload, in  1.178 seconds
Platform modules already initialized, skipping
Refreshing native plugins compatible for Editor in 0.38 ms, found 2 plugins.
Preloading 0 native plugins for Editor in 0.00 ms.
Unloading 1423 Unused Serialized files (Serialized files now loaded: 0)
System memory in use before: 84.0 MB.
System memory in use after: 84.1 MB.

Unloading 14 unused Assets to reduce memory usage. Loaded Objects now: 1909.
Total: 1.863400 ms (FindLiveObjects: 0.142100 ms CreateObjectMapping: 0.035000 ms MarkObjects: 1.625200 ms  DeleteObjects: 0.060100 ms)

AssetImportParameters requested are different than current active one (requested -> active):
  custom:framework-win-MediaFoundation: 216162199b28c13a410421893ffa2e32 -> 
  custom:video-decoder-ogg-theora: a1e56fd34408186e4bbccfd4996cb3dc -> 
  custom:container-muxer-webm: aa71ff27fc2769a1b78a27578f13a17b -> 
  custom:container-demuxer-webm: 4f35f7cbe854078d1ac9338744f61a02 -> 
  custom:container-demuxer-ogg: 62fdf1f143b41e24485cea50d1cbac27 -> 
  custom:video-encoder-webm-vp8: eb34c28f22e8b96e1ab97ce403110664 -> 
  custom:video-decoder-webm-vp8: 9c59270c3fd7afecdb556c50c9e8de78 -> 
  custom:audio-decoder-ogg-vorbis: bf7c407c2cedff20999df2af8eb42d56 -> 
  custom:audio-encoder-webm-vorbis: bf7c407c2cedff20999df2af8eb42d56 -> 
AssetImportWorkerClient::OnTransportError - code=2 error=End of file
